<?xml version="1.0" encoding="utf-8"?>
<test-run id="0" testcasecount="1" total="1" passed="0" failed="1" inconclusive="0" skipped="0" asserts="1" result="Failed" portable-engine-version="3.3.0.0" start-time="2017-03-08 15:15:12Z" end-time="2017-03-08 15:15:13Z" duration="0.261986">
  <test-run id="0" testcasecount="1" total="1" passed="0" failed="1" inconclusive="0" skipped="0" asserts="1" result="Failed" portable-engine-version="3.3.0.0" start-time="2017-03-08 15:15:13Z" end-time="2017-03-08 15:15:13Z" duration="0.140995">
    <test-suite type="Assembly" id="1002" name="hello-world.dll" fullname="C:/Works/exercism/csharp/hello-world/bin/Debug/netcoreapp1.1/hello-world.dll" runstate="Runnable" testcasecount="1" result="Failed" site="Child" start-time="2017-03-08 15:15:13Z" end-time="2017-03-08 15:15:13Z" duration="0.112138" total="1" passed="0" failed="1" warnings="0" inconclusive="0" skipped="0" asserts="1">
      <environment framework-version="3.6.0.0" clr-version=".NET Core 4.6.25009.03" os-version="Microsoft Windows 10.0.14393 " cwd="C:\Works\exercism\csharp\hello-world" machine-name="DESKTOP-H6MPQG3" culture="pt-BR" uiculture="en-US" os-architecture="X64" />
      <settings>
        <setting name="WorkDirectory" value="C:\Works\exercism\csharp\hello-world" />
      </settings>
      <failure>
        <message><![CDATA[One or more child tests had errors]]></message>
      </failure>
      <test-suite type="TestFixture" id="1000" name="HelloWorldTest" fullname="HelloWorldTest" classname="HelloWorldTest" runstate="Runnable" testcasecount="1" result="Failed" site="Child" start-time="2017-03-08 15:15:13Z" end-time="2017-03-08 15:15:13Z" duration="0.098544" total="1" passed="0" failed="1" warnings="0" inconclusive="0" skipped="0" asserts="1">
        <failure>
          <message><![CDATA[One or more child tests had errors]]></message>
        </failure>
        <test-case id="1001" name="Say_hi" fullname="HelloWorldTest.Say_hi" methodname="Say_hi" classname="HelloWorldTest" runstate="Runnable" seed="540664857" result="Failed" start-time="2017-03-08 15:15:13Z" end-time="2017-03-08 15:15:13Z" duration="0.049146" asserts="1">
          <failure>
            <message><![CDATA[  Expected: "Hello, World!"
  But was:  null
]]></message>
            <stack-trace><![CDATA[at HelloWorldTest.Say_hi() in C:\Works\exercism\csharp\hello-world\HelloWorldTest.cs:line 9
]]></stack-trace>
          </failure>
          <assertions>
            <assertion result="Failed">
              <message><![CDATA[  Expected: "Hello, World!"
  But was:  null
]]></message>
              <stack-trace><![CDATA[at HelloWorldTest.Say_hi() in C:\Works\exercism\csharp\hello-world\HelloWorldTest.cs:line 9
]]></stack-trace>
            </assertion>
          </assertions>
        </test-case>
      </test-suite>
    </test-suite>
  </test-run>
</test-run>